<?xml version="1.0" encoding="UTF-8"?>
<!-- Generated by org.testng.reporters.JUnitXMLReporter -->
<testsuite ignored="0" hostname="DESKTOP-4K45F5E" failures="0" tests="6" name="Different pages of CRM feature Test for sanity" time="35.653" errors="0" timestamp="28 May 2021 17:21:29 GMT">
  <testcase classname="com.eportal.qa.testcases.LoginPageTest" name="ValidateTitle" time="0.017"/>
  <testcase classname="com.eportal.qa.testcases.HomePageTest" name="ValidateHomePageTitleTest" time="0.005"/>
  <testcase classname="com.eportal.qa.testcases.LoginPageTest" name="ValidateForgotPasswordLink" time="0.724"/>
  <testcase classname="com.eportal.qa.testcases.HomePageTest" name="ValidateUserNameLabel" time="0.837"/>
  <testcase classname="com.eportal.qa.testcases.LoginPageTest" name="ValidateLoginFunctionality" time="1.082"/>
  <testcase classname="com.eportal.qa.testcases.HomePageTest" name="ValidateContactsClick" time="4.895"/>
</testsuite> <!-- Different pages of CRM feature Test for sanity -->
