<?xml version="1.0" encoding="UTF-8"?>
<!-- Generated by org.testng.reporters.JUnitXMLReporter -->
<testsuite ignored="0" hostname="DESKTOP-4K45F5E" failures="0" tests="3" name="Default test" time="28.935" errors="0" timestamp="29 May 2021 12:15:31 GMT">
  <testcase classname="com.eportal.qa.testcases.CreateNewContactTest" name="createnewaccount" time="1.657"/>
  <testcase classname="com.eportal.qa.testcases.CreateNewContactTest" name="createnewaccount" time="1.612"/>
  <testcase classname="com.eportal.qa.testcases.CreateNewContactTest" name="createnewaccount" time="1.608"/>
</testsuite> <!-- Default test -->
